0 info it worked if it ends with ok
1 verbose cli [ '/usr/local/Cellar/node/5.10.1/bin/node',
1 verbose cli   '/usr/local/bin/npm',
1 verbose cli   'run',
1 verbose cli   'run' ]
2 info using npm@3.8.3
3 info using node@v5.10.1
4 verbose run-script [ 'prerun', 'run', 'postrun' ]
5 info lifecycle @~prerun: @
6 silly lifecycle @~prerun: no script for prerun, continuing
7 info lifecycle @~run: @
8 verbose lifecycle @~run: unsafe-perm in lifecycle true
9 verbose lifecycle @~run: PATH: /usr/local/lib/node_modules/npm/bin/node-gyp-bin:/Users/yvbo/Dropbox/work/projects/test-store/web/www/node_modules/.bin:/usr/local/Cellar/node/5.10.1/bin:/usr/local/sbin:/usr/local/infer/infer/bin:/usr/local/tools:/usr/local/heroku/bin:/Applications/Postgres.app/Contents/Versions/9.3/bin:/usr/local/bin:/usr/local/share/python:/Library/Frameworks/Python.framework/Versions/2.7/bin:/usr/local/mysql/bin:/Library/Spring/bin:/usr/local/sbin:/usr/local/infer/infer/bin:/usr/local/tools:/usr/local/heroku/bin:/Applications/Postgres.app/Contents/Versions/9.3/bin:/usr/local/bin:/usr/local/share/python:/Library/Frameworks/Python.framework/Versions/2.7/bin:/usr/local/mysql/bin:/Library/Spring/bin:/usr/local/bin:/usr/bin:/bin:/usr/sbin:/sbin:/opt/X11/bin:/usr/local/git/bin:/usr/local/gradle/bin:/usr/texbin:/Users/yvbo/.rvm/bin:/Users/yvbo/.rvm/bin:/Users/yvbo/.rvm/bin
10 verbose lifecycle @~run: CWD: /Users/yvbo/Dropbox/work/projects/test-store/web/www
11 silly lifecycle @~run: Args: [ '-c', 'npm run build && live-server' ]
12 silly lifecycle @~run: Returned: code: 1  signal: null
13 info lifecycle @~run: Failed to exec run script
14 verbose stack Error: @ run: `npm run build && live-server`
14 verbose stack Exit status 1
14 verbose stack     at EventEmitter.<anonymous> (/usr/local/lib/node_modules/npm/lib/utils/lifecycle.js:239:16)
14 verbose stack     at emitTwo (events.js:100:13)
14 verbose stack     at EventEmitter.emit (events.js:185:7)
14 verbose stack     at ChildProcess.<anonymous> (/usr/local/lib/node_modules/npm/lib/utils/spawn.js:24:14)
14 verbose stack     at emitTwo (events.js:100:13)
14 verbose stack     at ChildProcess.emit (events.js:185:7)
14 verbose stack     at maybeClose (internal/child_process.js:850:16)
14 verbose stack     at Process.ChildProcess._handle.onexit (internal/child_process.js:215:5)
15 verbose pkgid @
16 verbose cwd /Users/yvbo/Dropbox/work/projects/test-store/web/www/app
17 error Darwin 14.5.0
18 error argv "/usr/local/Cellar/node/5.10.1/bin/node" "/usr/local/bin/npm" "run" "run"
19 error node v5.10.1
20 error npm  v3.8.3
21 error code ELIFECYCLE
22 error @ run: `npm run build && live-server`
22 error Exit status 1
23 error Failed at the @ run script 'npm run build && live-server'.
23 error Make sure you have the latest version of node.js and npm installed.
23 error If you do, this is most likely a problem with the  package,
23 error not with npm itself.
23 error Tell the author that this fails on your system:
23 error     npm run build && live-server
23 error You can get information on how to open an issue for this project with:
23 error     npm bugs
23 error Or if that isn't available, you can get their info via:
23 error     npm owner ls
23 error There is likely additional logging output above.
24 verbose exit [ 1, true ]
